make all --print-data-base --no-builtin-variables --no-builtin-rules --question
# GNU Make 3.81
# Copyright (C) 2006  Free Software Foundation, Inc.
# This is free software; see the source for copying conditions.
# There is NO warranty; not even for MERCHANTABILITY or FITNESS FOR A
# PARTICULAR PURPOSE.

# This program built for i386-apple-darwin11.3.0
 
make: *** No rule to make target `all'.  Stop.


# Make data base, printed on Fri Nov 25 19:21:20 2022

# Variables

# automatic
<D = $(patsubst %/,%,$(dir $<))
# automatic
?F = $(notdir $?)
# automatic
?D = $(patsubst %/,%,$(dir $?))
# automatic
@D = $(patsubst %/,%,$(dir $@))
# automatic
@F = $(notdir $@)
# makefile
CURDIR := /Users/hcbowman/.dotfiles
# makefile
SHELL = /bin/sh
# environment
VSCODE_NLS_CONFIG = {"locale":"en-us","availableLanguages":{},"_languagePackSupport":true}
# environment
_ = /usr/bin/make
# environment
STARSHIP_SESSION_KEY = 2720616012466280
# environment
__CFBundleIdentifier = com.microsoft.VSCode
# environment
INFOPATH = /opt/homebrew/share/info:
# environment
P9K_SSH = 0
# environment
NVM_COMPLETION = true
# environment
VSCODE_CWD = /
# environment
PATH = /Users/hcbowman/Library/Application Support/cloud-code/installer/google-cloud-sdk/bin:/Users/hcbowman/Miniforge/condabin:/Users/hcbowman/.emacs.d/bin:/opt/homebrew/opt/openjdk/bin:/Users/hcbowman/.pyenv/shims:/opt/homebrew/bin:/opt/homebrew/sbin:/usr/local/bin:/System/Cryptexes/App/usr/bin:/usr/bin:/bin:/usr/sbin:/sbin:/Library/Apple/usr/bin:/Users/hcbowman/Library/Application Support/JetBrains/Toolbox/scripts:/Users/hcbowman/.local/bin/:/Users/hcbowman/google-cloud-sdk/bin
# environment
NVM_LAZY_LOAD = true
# environment
LSCOLORS = Gxfxcxdxbxegedabagacad
# environment
VSCODE_HANDLES_UNCAUGHT_ERRORS = true
# makefile
MAKEFILE_LIST := 
# environment
VIRTUALENVWRAPPER_PYTHON = /Users/hcbowman/.pyenv/versions/3.10.6/bin/python3
# environment
ELECTRON_RUN_AS_NODE = 1
# environment
PYENV_ROOT = /Users/hcbowman/.pyenv
# default
.FEATURES := target-specific order-only second-expansion else-if archives jobserver check-symlink
# environment
CLOUDSDK_METRICS_ENVIRONMENT = cloudcode.vscode
# environment
SSH_AUTH_SOCK = /private/tmp/com.apple.launchd.ryyMlur8ek/Listeners
# automatic
%F = $(notdir $%)
# environment
CONDA_EXE = /Users/hcbowman/Miniforge/bin/conda
# environment
CLOUDSDK_METRICS_ENVIRONMENT_VERSION = 1.20.4
# environment
PWD = /Users/hcbowman/.dotfiles
# environment
PROJECT_HOME = /Users/hcbowman/Developer/Projects
# environment
HOMEBREW_CELLAR = /opt/homebrew/Cellar
# environment
ORIGINAL_XDG_CURRENT_DESKTOP = undefined
# environment
MANPATH = /opt/homebrew/share/man::
# environment
VSCODE_AMD_ENTRYPOINT = vs/workbench/api/node/extensionHostProcess
# environment
PYENV_SHELL = zsh
# environment
HOME = /Users/hcbowman
# environment
XDG_CACHE_HOME = /Users/hcbowman/.cache
# default
MAKEFILEPATH = $(shell /usr/bin/xcode-select -print-path 2>/dev/null || echo /Developer)/Makefiles
# environment
VSCODE_CODE_CACHE_PATH = /Users/hcbowman/Library/Application Support/Code/CachedData/6261075646f055b99068d3688932416f2346dd3b
# environment
LOGNAME = hcbowman
# environment
APPLICATION_INSIGHTS_NO_DIAGNOSTIC_CHANNEL = 1
# environment
NVM_CD_FLAGS = -q
# environment
ZSH = /Users/hcbowman/.oh-my-zsh
# environment
WORKON_HOME = /Users/hcbowman/.virtualenvs
# automatic
^D = $(patsubst %/,%,$(dir $^))
# environment
XPC_FLAGS = 0x0
# default
MAKE = $(MAKE_COMMAND)
# default
MAKECMDGOALS := all
# environment
SHLVL = 1
# default
MAKE_VERSION := 3.81
# environment
USER = hcbowman
# makefile
.DEFAULT_GOAL := 
# environment
LESS = -R
# automatic
%D = $(patsubst %/,%,$(dir $%))
# environment
CONDA_SHLVL = 0
# default
MAKE_COMMAND := /Library/Developer/CommandLineTools/usr/bin/make
# default
.VARIABLES := 
# environment
TMPDIR = /var/folders/gx/b7qj5x6d3zz9g3n_zzqshhhh0000gn/T/
# automatic
*F = $(notdir $*)
# environment
VSCODE_IPC_HOOK = /Users/hcbowman/Library/Application Support/Code/1.73.1-main.sock
# environment
MallocNanoZone = 0
# makefile
MAKEFLAGS = Rrqp
# environment
MFLAGS = -Rrqp
# automatic
*D = $(patsubst %/,%,$(dir $*))
# environment
NVM_DIR = /Users/hcbowman/.config/nvm
# environment
XPC_SERVICE_NAME = application.com.microsoft.VSCode.30525684.30525690
# environment
HOMEBREW_PREFIX = /opt/homebrew
# automatic
+D = $(patsubst %/,%,$(dir $+))
# automatic
+F = $(notdir $+)
# environment
HOMEBREW_REPOSITORY = /opt/homebrew
# environment
__CF_USER_TEXT_ENCODING = 0x1F5:0x0:0x0
# environment
COMMAND_MODE = unix2003
# default
MAKEFILES := 
# automatic
<F = $(notdir $<)
# environment
XDG_CONFIG_HOME = /Users/hcbowman/.config
# environment
PAGER = less
# environment
LC_ALL = C
# environment
CONDA_PYTHON_EXE = /Users/hcbowman/Miniforge/bin/python
# automatic
^F = $(notdir $^)
# environment
XDG_DATA_HOME = /Users/hcbowman/.local/share
# default
SUFFIXES := 
# environment
_CE_M = 
# environment
_CE_CONDA = 
# environment
STARSHIP_DISTRO = 
# environment
MAKELEVEL := 0
# environment
GPG_TTY = 
# environment
LANG = C
# environment
VSCODE_PID = 2845
# environment
STARSHIP_CONFIG = /Users/hcbowman/.config/starship/config.toml
# environment
STARSHIP_SHELL = zsh
# environment
NVM_RC_VERSION = 
# variable set hash-table stats:
# Load=92/1024=9%, Rehash=0, Collisions=4/112=4%

# Pattern-specific Variable Values

# No pattern-specific variable values.

# Directories

# . (device 16777230, inode 1550474): 14 files, no impossibilities.

# 14 files, no impossibilities in 1 directories.

# Implicit Rules

# No implicit rules.

# Files

# Not a target:
all:
#  Command-line target.
#  Implicit rule search has been done.
#  File does not exist.
#  File has not been updated.
# variable set hash-table stats:
# Load=0/32=0%, Rehash=0, Collisions=0/0=0%

# Not a target:
.SUFFIXES:
#  Implicit rule search has not been done.
#  Modification time never checked.
#  File has not been updated.

# Not a target:
Makefile:
#  A default, MAKEFILES, or -include/sinclude makefile.
#  Implicit rule search has been done.
#  File does not exist.
#  File has been updated.
#  Failed to be updated.
# variable set hash-table stats:
# Load=0/32=0%, Rehash=0, Collisions=0/0=0%

# Not a target:
makefile:
#  A default, MAKEFILES, or -include/sinclude makefile.
#  Implicit rule search has been done.
#  File does not exist.
#  File has been updated.
#  Failed to be updated.
# variable set hash-table stats:
# Load=0/32=0%, Rehash=0, Collisions=0/0=0%

# Not a target:
.DEFAULT:
#  Implicit rule search has not been done.
#  Modification time never checked.
#  File has not been updated.

# Not a target:
GNUmakefile:
#  A default, MAKEFILES, or -include/sinclude makefile.
#  Implicit rule search has been done.
#  File does not exist.
#  File has been updated.
#  Failed to be updated.
# variable set hash-table stats:
# Load=0/32=0%, Rehash=0, Collisions=0/0=0%

# files hash-table stats:
# Load=6/1024=1%, Rehash=0, Collisions=0/17=0%
# VPATH Search Paths

# No `vpath' search paths.

# No general (`VPATH' variable) search path.

# # of strings in strcache: 0
# # of strcache buffers: 0
# strcache size: total = 0 / max = 0 / min = 4096 / avg = 0
# strcache free: total = 0 / max = 0 / min = 4096 / avg = 0

# Finished Make data base on Fri Nov 25 19:21:20 2022

 
